<?xml version="1.0" encoding="UTF-8"?>
<testng-results ignored="0" total="1" passed="1" failed="0" skipped="0">
  <reporter-output>
  </reporter-output>
  <suite started-at="2023-02-01T04:44:07Z" name="Suite" finished-at="2023-02-01T04:44:15Z" duration-ms="8469">
    <groups>
    </groups>
    <test started-at="2023-02-01T04:44:07Z" name="Test" finished-at="2023-02-01T04:44:15Z" duration-ms="8469">
      <class name="org.learn.Employee">
        <test-method signature="tc0()[pri:0, instance:org.learn.Employee@3e6f3f28]" started-at="2023-02-01T04:44:07Z" name="tc0" finished-at="2023-02-01T04:44:15Z" duration-ms="8445" status="PASS">
          <reporter-output>
          </reporter-output>
        </test-method> <!-- tc0 -->
      </class> <!-- org.learn.Employee -->
    </test> <!-- Test -->
  </suite> <!-- Suite -->
</testng-results>
