<?xml version="1.0" encoding="UTF-8"?>
<testng-results ignored="0" total="1" passed="1" failed="0" skipped="0">
  <reporter-output>
  </reporter-output>
  <suite started-at="2023-01-30T04:56:02Z" name="Suite" finished-at="2023-01-30T04:56:04Z" duration-ms="2751">
    <groups>
    </groups>
    <test started-at="2023-01-30T04:56:02Z" name="Test" finished-at="2023-01-30T04:56:04Z" duration-ms="2751">
      <class name="org.learn.Employee">
        <test-method signature="tc0()[pri:0, instance:org.learn.Employee@16b2bb0c]" started-at="2023-01-30T04:56:02Z" name="tc0" finished-at="2023-01-30T04:56:04Z" duration-ms="2730" status="PASS">
          <reporter-output>
          </reporter-output>
        </test-method> <!-- tc0 -->
      </class> <!-- org.learn.Employee -->
    </test> <!-- Test -->
  </suite> <!-- Suite -->
</testng-results>
